<?xml version="1.0" encoding="UTF-8"?>
<!-- Generated by org.testng.reporters.JUnitReportReporter -->
<testsuite hostname="DESKTOP-OAAM0CD" failures="0" tests="1" name="cucumberOptions.TestRunner" time="26.504" errors="0" timestamp="8 Mar 2019 17:35:56 GMT">
  <testcase classname="cucumberOptions.TestRunner" name="feature" time="26.504"/>
</testsuite> <!-- cucumberOptions.TestRunner -->
