<?xml version="1.0" encoding="UTF-8"?>
<!-- Generated by org.testng.reporters.JUnitReportReporter -->
<testsuite hostname="DESKTOP-OAAM0CD" failures="0" tests="1" name="cucumberOptions.TestRunner" time="33.246" errors="0" timestamp="8 Mar 2019 09:40:31 GMT">
  <testcase classname="cucumberOptions.TestRunner" name="feature" time="33.246"/>
</testsuite> <!-- cucumberOptions.TestRunner -->
